<?xml version="1.0" encoding="UTF-8"?>
<testng-results skipped="0" failed="0" ignored="0" total="13" passed="13">
  <reporter-output>
  </reporter-output>
  <suite name="Default suite" duration-ms="45793" started-at="2022-10-27T12:40:38 IST" finished-at="2022-10-27T12:41:24 IST">
    <groups>
    </groups>
    <test name="Default test" duration-ms="45793" started-at="2022-10-27T12:40:38 IST" finished-at="2022-10-27T12:41:24 IST">
      <class name="com.example.NewTest">
        <test-method status="PASS" signature="beforeTest()[pri:0, instance:com.example.NewTest@74a10858]" name="beforeTest" is-config="true" duration-ms="7243" started-at="2022-10-27T12:40:38 IST" finished-at="2022-10-27T12:40:45 IST">
          <reporter-output>
          </reporter-output>
        </test-method> <!-- beforeTest -->
        <test-method status="PASS" signature="adminAddPolicy()[pri:0, instance:com.example.NewTest@74a10858]" name="adminAddPolicy" duration-ms="4861" started-at="2022-10-27T12:40:45 IST" finished-at="2022-10-27T12:40:50 IST">
          <reporter-output>
          </reporter-output>
        </test-method> <!-- adminAddPolicy -->
        <test-method status="PASS" signature="adminLoginfail()[pri:0, instance:com.example.NewTest@74a10858]" name="adminLoginfail" duration-ms="1153" started-at="2022-10-27T12:40:50 IST" finished-at="2022-10-27T12:40:51 IST">
          <reporter-output>
          </reporter-output>
        </test-method> <!-- adminLoginfail -->
        <test-method status="PASS" signature="adminadduser()[pri:0, instance:com.example.NewTest@74a10858]" name="adminadduser" duration-ms="4960" started-at="2022-10-27T12:40:51 IST" finished-at="2022-10-27T12:40:56 IST">
          <reporter-output>
          </reporter-output>
        </test-method> <!-- adminadduser -->
        <test-method status="PASS" signature="aminLoginsuccess()[pri:0, instance:com.example.NewTest@74a10858]" name="aminLoginsuccess" duration-ms="1009" started-at="2022-10-27T12:40:56 IST" finished-at="2022-10-27T12:40:57 IST">
          <reporter-output>
          </reporter-output>
        </test-method> <!-- aminLoginsuccess -->
        <test-method status="PASS" signature="history()[pri:0, instance:com.example.NewTest@74a10858]" name="history" duration-ms="726" started-at="2022-10-27T12:40:57 IST" finished-at="2022-10-27T12:40:58 IST">
          <reporter-output>
          </reporter-output>
        </test-method> <!-- history -->
        <test-method status="PASS" signature="logout()[pri:0, instance:com.example.NewTest@74a10858]" name="logout" duration-ms="5727" started-at="2022-10-27T12:40:58 IST" finished-at="2022-10-27T12:41:04 IST">
          <reporter-output>
          </reporter-output>
        </test-method> <!-- logout -->
        <test-method status="PASS" signature="profileupdate()[pri:0, instance:com.example.NewTest@74a10858]" name="profileupdate" duration-ms="1884" started-at="2022-10-27T12:41:04 IST" finished-at="2022-10-27T12:41:06 IST">
          <reporter-output>
          </reporter-output>
        </test-method> <!-- profileupdate -->
        <test-method status="PASS" signature="userDashboard()[pri:0, instance:com.example.NewTest@74a10858]" name="userDashboard" duration-ms="1948" started-at="2022-10-27T12:41:06 IST" finished-at="2022-10-27T12:41:07 IST">
          <reporter-output>
          </reporter-output>
        </test-method> <!-- userDashboard -->
        <test-method status="PASS" signature="userLoginfail()[pri:0, instance:com.example.NewTest@74a10858]" name="userLoginfail" duration-ms="1002" started-at="2022-10-27T12:41:07 IST" finished-at="2022-10-27T12:41:09 IST">
          <reporter-output>
          </reporter-output>
        </test-method> <!-- userLoginfail -->
        <test-method status="PASS" signature="userLoginsuccess()[pri:0, instance:com.example.NewTest@74a10858]" name="userLoginsuccess" duration-ms="835" started-at="2022-10-27T12:41:09 IST" finished-at="2022-10-27T12:41:09 IST">
          <reporter-output>
          </reporter-output>
        </test-method> <!-- userLoginsuccess -->
        <test-method status="PASS" signature="userPasswordUpdate()[pri:0, instance:com.example.NewTest@74a10858]" name="userPasswordUpdate" duration-ms="5898" started-at="2022-10-27T12:41:09 IST" finished-at="2022-10-27T12:41:15 IST">
          <reporter-output>
          </reporter-output>
        </test-method> <!-- userPasswordUpdate -->
        <test-method status="PASS" signature="userQuery()[pri:0, instance:com.example.NewTest@74a10858]" name="userQuery" duration-ms="5958" started-at="2022-10-27T12:41:15 IST" finished-at="2022-10-27T12:41:21 IST">
          <reporter-output>
          </reporter-output>
        </test-method> <!-- userQuery -->
        <test-method status="PASS" signature="userRegistration()[pri:0, instance:com.example.NewTest@74a10858]" name="userRegistration" duration-ms="1467" started-at="2022-10-27T12:41:21 IST" finished-at="2022-10-27T12:41:23 IST">
          <reporter-output>
          </reporter-output>
        </test-method> <!-- userRegistration -->
        <test-method status="PASS" signature="afterTest()[pri:0, instance:com.example.NewTest@74a10858]" name="afterTest" is-config="true" duration-ms="1004" started-at="2022-10-27T12:41:23 IST" finished-at="2022-10-27T12:41:24 IST">
          <reporter-output>
          </reporter-output>
        </test-method> <!-- afterTest -->
      </class> <!-- com.example.NewTest -->
    </test> <!-- Default test -->
  </suite> <!-- Default suite -->
</testng-results>
