<?xml version="1.0" encoding="UTF-8"?>
<!-- Generated by org.testng.reporters.JUnitXMLReporter -->
<testsuite hostname="SCA1000117035" ignored="0" name="Default test" tests="13" failures="0" timestamp="2022-10-27T12:41:24 IST" time="45.793" errors="0">
  <testcase name="adminAddPolicy" time="4.861" classname="com.example.NewTest"/>
  <testcase name="adminLoginfail" time="1.153" classname="com.example.NewTest"/>
  <testcase name="adminadduser" time="4.96" classname="com.example.NewTest"/>
  <testcase name="aminLoginsuccess" time="1.009" classname="com.example.NewTest"/>
  <testcase name="history" time="0.726" classname="com.example.NewTest"/>
  <testcase name="logout" time="5.727" classname="com.example.NewTest"/>
  <testcase name="profileupdate" time="1.884" classname="com.example.NewTest"/>
  <testcase name="userDashboard" time="1.948" classname="com.example.NewTest"/>
  <testcase name="userLoginfail" time="1.002" classname="com.example.NewTest"/>
  <testcase name="userLoginsuccess" time="0.835" classname="com.example.NewTest"/>
  <testcase name="userPasswordUpdate" time="5.898" classname="com.example.NewTest"/>
  <testcase name="userQuery" time="5.958" classname="com.example.NewTest"/>
  <testcase name="userRegistration" time="1.467" classname="com.example.NewTest"/>
</testsuite> <!-- Default test -->
